<?xml version="1.0" encoding="UTF-8"?>
<!-- Generated by org.testng.reporters.JUnitXMLReporter -->
<testsuite hostname="Geek111" name="Test" tests="11" failures="0" timestamp="11 Dec 2015 15:53:38 GMT" time="0.123" errors="0">
  <testcase name="@BeforeSuite launch_app" time="0.0" classname="test.testappandroid">
    <failure type="org.openqa.selenium.SessionNotCreatedException" message="A new session could not be created. (Original error: Could not find adb. Please set the ANDROID_HOME environment variable with the Android SDK root directory path.) (WARNING: The server did not provide any stacktrace information)
Command duration or timeout: 7.88 seconds
Build info: version: &amp;apos;2.46.0&amp;apos;, revision: &amp;apos;87c69e2&amp;apos;, time: &amp;apos;2015-06-04 16:17:10&amp;apos;
System info: host: &amp;apos;Geek111&amp;apos;, ip: &amp;apos;192.168.56.1&amp;apos;, os.name: &amp;apos;Windows 10&amp;apos;, os.arch: &amp;apos;amd64&amp;apos;, os.version: &amp;apos;10.0&amp;apos;, java.version: &amp;apos;1.8.0_60&amp;apos;
Driver info: io.appium.java_client.android.AndroidDriver">
      <![CDATA[org.openqa.selenium.SessionNotCreatedException: A new session could not be created. (Original error: Could not find adb. Please set the ANDROID_HOME environment variable with the Android SDK root directory path.) (WARNING: The server did not provide any stacktrace information)
Command duration or timeout: 7.88 seconds
Build info: version: '2.46.0', revision: '87c69e2', time: '2015-06-04 16:17:10'
System info: host: 'Geek111', ip: '192.168.56.1', os.name: 'Windows 10', os.arch: 'amd64', os.version: '10.0', java.version: '1.8.0_60'
Driver info: io.appium.java_client.android.AndroidDriver
	at org.openqa.selenium.remote.ErrorHandler.createThrowable(ErrorHandler.java:204)
	at org.openqa.selenium.remote.ErrorHandler.throwIfResponseFailed(ErrorHandler.java:156)
	at org.openqa.selenium.remote.RemoteWebDriver.execute(RemoteWebDriver.java:605)
	at io.appium.java_client.DefaultGenericMobileDriver.execute(DefaultGenericMobileDriver.java:42)
	at io.appium.java_client.AppiumDriver.execute(AppiumDriver.java:1)
	at io.appium.java_client.android.AndroidDriver.execute(AndroidDriver.java:1)
	at org.openqa.selenium.remote.RemoteWebDriver.startSession(RemoteWebDriver.java:242)
	at org.openqa.selenium.remote.RemoteWebDriver.<init>(RemoteWebDriver.java:128)
	at org.openqa.selenium.remote.RemoteWebDriver.<init>(RemoteWebDriver.java:141)
	at io.appium.java_client.DefaultGenericMobileDriver.<init>(DefaultGenericMobileDriver.java:37)
	at io.appium.java_client.AppiumDriver.<init>(AppiumDriver.java:161)
	at io.appium.java_client.AppiumDriver.<init>(AppiumDriver.java:170)
	at io.appium.java_client.android.AndroidDriver.<init>(AndroidDriver.java:82)
	at test.testappandroid.launch_app(testappandroid.java:65)
... Removed 22 stack frames]]>
    </failure>
  </testcase> <!-- @BeforeSuite launch_app -->
  <testcase name="@BeforeClass setUp" time="0.0" classname="launch_feature.first_launch">
    <skipped/>
  </testcase> <!-- @BeforeClass setUp -->
  <testcase name="@BeforeClass setUp" time="0.0" classname="cart_feature.checkout">
    <skipped/>
  </testcase> <!-- @BeforeClass setUp -->
  <testcase name="@BeforeClass setUp" time="0.0" classname="my_information_feature.login">
    <skipped/>
  </testcase> <!-- @BeforeClass setUp -->
  <testcase name="@BeforeClass setUp" time="0.0" classname="cart_feature.my_cart">
    <skipped/>
  </testcase> <!-- @BeforeClass setUp -->
  <testcase name="testcase_1_1" time="0.002" classname="launch_feature.first_launch">
    <skipped/>
  </testcase> <!-- testcase_1_1 -->
  <testcase name="testcase_4" time="0.003" classname="cart_feature.checkout">
    <skipped/>
  </testcase> <!-- testcase_4 -->
  <testcase name="testcase_2" time="0.003" classname="my_information_feature.login">
    <skipped/>
  </testcase> <!-- testcase_2 -->
  <testcase name="testcase_1_2" time="0.005" classname="launch_feature.first_launch">
    <skipped/>
  </testcase> <!-- testcase_1_2 -->
  <testcase name="testcase_3" time="0.001" classname="cart_feature.my_cart">
    <skipped/>
  </testcase> <!-- testcase_3 -->
  <testcase name="d_opennavigationPane" time="0.021" classname="allpages.General">
    <skipped/>
  </testcase> <!-- d_opennavigationPane -->
  <testcase name="swipeLeft" time="0.002" classname="allpages.General">
    <skipped/>
  </testcase> <!-- swipeLeft -->
  <testcase name="swipeRight" time="0.002" classname="allpages.General">
    <skipped/>
  </testcase> <!-- swipeRight -->
  <testcase name="waithere10" time="0.01" classname="allpages.General">
    <skipped/>
  </testcase> <!-- waithere10 -->
  <testcase name="waithere20" time="0.011" classname="allpages.General">
    <skipped/>
  </testcase> <!-- waithere20 -->
  <testcase name="waithere5" time="0.0" classname="allpages.General">
    <skipped/>
  </testcase> <!-- waithere5 -->
</testsuite> <!-- Test -->
