<?xml version="1.0" encoding="UTF-8"?>
<!-- Generated by org.testng.reporters.JUnitReportReporter -->
<testsuite hostname="Jitenders-MacBook-Air.local" name="test.testappandroid" tests="13" failures="0" timestamp="7 Dec 2015 11:17:27 GMT" time="131.924" errors="1">
  <testcase name="a_men" time="8.449" classname="test.testappandroid"/>
  <testcase name="h_paymoney" time="12.924" classname="test.testappandroid"/>
  <testcase name="e_serach" time="12.366" classname="test.testappandroid"/>
  <testcase name="f_checkout" time="4.518" classname="test.testappandroid"/>
  <testcase name="i_AddAddress" time="38.932" classname="test.testappandroid"/>
  <testcase name="g_paymentoption" time="0.635" classname="test.testappandroid"/>
  <testcase name="c_loginpageitems" time="7.491" classname="test.testappandroid"/>
  <testcase name="l_labels" time="7.000" classname="test.testappandroid"/>
  <testcase name="d_Verify" time="23.408" classname="test.testappandroid"/>
  <testcase name="m_ordertestcases" time="11.874" classname="test.testappandroid">
    <error type="java.lang.AssertionError" message="expected [Yes] but found [No]">
      <![CDATA[java.lang.AssertionError: expected [Yes] but found [No]
	at org.testng.Assert.fail(Assert.java:94)
	at org.testng.Assert.failNotEquals(Assert.java:494)
	at org.testng.Assert.assertEquals(Assert.java:123)
	at org.testng.Assert.assertEquals(Assert.java:176)
	at org.testng.Assert.assertEquals(Assert.java:186)
	at allpages.orderitems.callUs(orderitems.java:183)
	at test.testappandroid.m_ordertestcases(testappandroid.java:319)
	at sun.reflect.NativeMethodAccessorImpl.invoke0(Native Method)
	at sun.reflect.NativeMethodAccessorImpl.invoke(NativeMethodAccessorImpl.java:62)
	at sun.reflect.DelegatingMethodAccessorImpl.invoke(DelegatingMethodAccessorImpl.java:43)
	at java.lang.reflect.Method.invoke(Method.java:497)
	at org.testng.internal.MethodInvocationHelper.invokeMethod(MethodInvocationHelper.java:84)
	at org.testng.internal.Invoker.invokeMethod(Invoker.java:714)
	at org.testng.internal.Invoker.invokeTestMethod(Invoker.java:901)
	at org.testng.internal.Invoker.invokeTestMethods(Invoker.java:1231)
	at org.testng.internal.TestMethodWorker.invokeTestMethods(TestMethodWorker.java:127)
	at org.testng.internal.TestMethodWorker.run(TestMethodWorker.java:111)
	at org.testng.TestRunner.privateRun(TestRunner.java:767)
	at org.testng.TestRunner.run(TestRunner.java:617)
	at org.testng.SuiteRunner.runTest(SuiteRunner.java:334)
	at org.testng.SuiteRunner.runSequentially(SuiteRunner.java:329)
	at org.testng.SuiteRunner.privateRun(SuiteRunner.java:291)
	at org.testng.SuiteRunner.run(SuiteRunner.java:240)
	at org.testng.SuiteRunnerWorker.runSuite(SuiteRunnerWorker.java:52)
	at org.testng.SuiteRunnerWorker.run(SuiteRunnerWorker.java:86)
	at org.testng.TestNG.runSuitesSequentially(TestNG.java:1224)
	at org.testng.TestNG.runSuitesLocally(TestNG.java:1149)
	at org.testng.TestNG.run(TestNG.java:1057)
	at org.testng.remote.RemoteTestNG.run(RemoteTestNG.java:115)
	at org.testng.remote.RemoteTestNG.initAndRun(RemoteTestNG.java:207)
	at org.testng.remote.RemoteTestNG.main(RemoteTestNG.java:178)
]]>
    </error>
  </testcase> <!-- m_ordertestcases -->
  <testcase name="j_modifyaddress" time="0.001" classname="test.testappandroid"/>
  <testcase name="b_loginbutton" time="0.283" classname="test.testappandroid"/>
  <testcase name="k_deleteAddres" time="4.043" classname="test.testappandroid"/>
</testsuite> <!-- test.testappandroid -->
